0 info it worked if it ends with ok
1 verbose cli [ '/usr/bin/node', '/usr/bin/npm', 'install', 'three', '--save' ]
2 info using npm@3.5.2
3 info using node@v8.10.0
4 silly loadCurrentTree Starting
5 silly install loadCurrentTree
6 silly install readLocalPackageData
7 silly fetchPackageMetaData three
8 silly fetchNamedPackageData three
9 silly mapToRegistry name three
10 silly mapToRegistry using default registry
11 silly mapToRegistry registry https://registry.npmjs.org/
12 silly mapToRegistry uri https://registry.npmjs.org/three
13 verbose request uri https://registry.npmjs.org/three
14 verbose request no auth needed
15 info attempt registry request try #1 at 11:44:45 PM
16 verbose request id ea5d2d1269ef8796
17 http request GET https://registry.npmjs.org/three
18 http 200 https://registry.npmjs.org/three
19 verbose headers { date: 'Fri, 29 May 2020 15:44:47 GMT',
19 verbose headers   'content-type': 'application/json',
19 verbose headers   'transfer-encoding': 'chunked',
19 verbose headers   connection: 'keep-alive',
19 verbose headers   'set-cookie':
19 verbose headers    [ '__cfduid=d7e3f557faf2448fee9c466e4d5d070101590767087; expires=Sun, 28-Jun-20 15:44:47 GMT; path=/; domain=.npmjs.org; HttpOnly; SameSite=Lax' ],
19 verbose headers   'cf-ray': '59b156b95f029995-LAX',
19 verbose headers   'cache-control': 'public, max-age=300',
19 verbose headers   etag: 'W/"8b3beb0a7b16ae0b4b229c2b3efe6a16"',
19 verbose headers   'last-modified': 'Thu, 28 May 2020 22:34:14 GMT',
19 verbose headers   vary: 'accept-encoding, accept',
19 verbose headers   'cf-cache-status': 'EXPIRED',
19 verbose headers   'cf-request-id': '0302b487d90000999574b33200000001',
19 verbose headers   'expect-ct': 'max-age=604800, report-uri="https://report-uri.cloudflare.com/cdn-cgi/beacon/expect-ct"',
19 verbose headers   server: 'cloudflare',
19 verbose headers   'content-encoding': 'gzip' }
20 silly get cb [ 200,
20 silly get   { date: 'Fri, 29 May 2020 15:44:47 GMT',
20 silly get     'content-type': 'application/json',
20 silly get     'transfer-encoding': 'chunked',
20 silly get     connection: 'keep-alive',
20 silly get     'set-cookie':
20 silly get      [ '__cfduid=d7e3f557faf2448fee9c466e4d5d070101590767087; expires=Sun, 28-Jun-20 15:44:47 GMT; path=/; domain=.npmjs.org; HttpOnly; SameSite=Lax' ],
20 silly get     'cf-ray': '59b156b95f029995-LAX',
20 silly get     'cache-control': 'public, max-age=300',
20 silly get     etag: 'W/"8b3beb0a7b16ae0b4b229c2b3efe6a16"',
20 silly get     'last-modified': 'Thu, 28 May 2020 22:34:14 GMT',
20 silly get     vary: 'accept-encoding, accept',
20 silly get     'cf-cache-status': 'EXPIRED',
20 silly get     'cf-request-id': '0302b487d90000999574b33200000001',
20 silly get     'expect-ct': 'max-age=604800, report-uri="https://report-uri.cloudflare.com/cdn-cgi/beacon/expect-ct"',
20 silly get     server: 'cloudflare',
20 silly get     'content-encoding': 'gzip' } ]
21 verbose get saving three to /home/kaicheng/.npm/registry.npmjs.org/three/.cache.json
22 silly install normalizeTree
23 silly loadCurrentTree Finishing
24 silly loadIdealTree Starting
25 silly install loadIdealTree
26 silly cloneCurrentTree Starting
27 silly install cloneCurrentTreeToIdealTree
28 silly cloneCurrentTree Finishing
29 silly loadShrinkwrap Starting
30 silly install loadShrinkwrap
31 silly loadShrinkwrap Finishing
32 silly loadAllDepsIntoIdealTree Starting
33 silly install loadAllDepsIntoIdealTree
34 silly resolveWithNewModule three@0.117.1 checking installable status
35 silly cache add args [ 'three', null ]
36 verbose cache add spec three
37 silly cache add parsed spec Result {
37 silly cache add   raw: 'three',
37 silly cache add   scope: null,
37 silly cache add   name: 'three',
37 silly cache add   rawSpec: '',
37 silly cache add   spec: 'latest',
37 silly cache add   type: 'tag' }
38 silly addNamed three@latest
39 verbose addNamed "latest" is being treated as a dist-tag for three
40 info addNameTag [ 'three', 'latest' ]
41 silly mapToRegistry name three
42 silly mapToRegistry using default registry
43 silly mapToRegistry registry https://registry.npmjs.org/
44 silly mapToRegistry uri https://registry.npmjs.org/three
45 verbose addNameTag registry:https://registry.npmjs.org/three not in flight; fetching
46 verbose get https://registry.npmjs.org/three not expired, no request
47 silly addNameTag next cb for three with tag latest
48 silly addNamed three@0.117.1
49 verbose addNamed "0.117.1" is a plain semver version for three
50 silly mapToRegistry name three
51 silly mapToRegistry using default registry
52 silly mapToRegistry registry https://registry.npmjs.org/
53 silly mapToRegistry uri https://registry.npmjs.org/three
54 verbose addRemoteTarball https://registry.npmjs.org/three/-/three-0.117.1.tgz not in flight; adding
55 verbose addRemoteTarball [ 'https://registry.npmjs.org/three/-/three-0.117.1.tgz',
55 verbose addRemoteTarball   'a49bcb1a6ddea2f250003e42585dc3e78e92b9d3' ]
56 info retry fetch attempt 1 at 11:44:49 PM
57 info attempt registry request try #1 at 11:44:49 PM
58 http fetch GET https://registry.npmjs.org/three/-/three-0.117.1.tgz
59 http fetch 200 https://registry.npmjs.org/three/-/three-0.117.1.tgz
60 silly fetchAndShaCheck shasum a49bcb1a6ddea2f250003e42585dc3e78e92b9d3
61 verbose addTmpTarball /tmp/npm-31195-41d742a4/registry.npmjs.org/three/-/three-0.117.1.tgz not in flight; adding
62 verbose addTmpTarball already have metadata; skipping unpack for three@0.117.1
63 silly cache afterAdd three@0.117.1
64 verbose afterAdd /home/kaicheng/.npm/three/0.117.1/package/package.json not in flight; writing
65 verbose afterAdd /home/kaicheng/.npm/three/0.117.1/package/package.json written
66 silly loadAllDepsIntoIdealTree Finishing
67 silly idealTree:prePrune 3D-interact
67 silly idealTree:prePrune ├── @types/color-name@1.1.1
67 silly idealTree:prePrune ├── ansi-regex@5.0.0
67 silly idealTree:prePrune ├── ansi-styles@4.2.1
67 silly idealTree:prePrune ├── bluebird@3.7.2
67 silly idealTree:prePrune ├── camelcase@5.3.1
67 silly idealTree:prePrune ├── cesium@1.69.0
67 silly idealTree:prePrune ├── cliui@6.0.0
67 silly idealTree:prePrune ├── color-convert@2.0.1
67 silly idealTree:prePrune ├── color-name@1.1.4
67 silly idealTree:prePrune ├── decamelize@1.2.0
67 silly idealTree:prePrune ├── emoji-regex@8.0.0
67 silly idealTree:prePrune ├── find-up@4.1.0
67 silly idealTree:prePrune ├── fs-extra@8.1.0
67 silly idealTree:prePrune ├── get-caller-file@2.0.5
67 silly idealTree:prePrune ├── graceful-fs@4.2.4
67 silly idealTree:prePrune ├── is-fullwidth-code-point@3.0.0
67 silly idealTree:prePrune ├── jpeg-js@0.3.7
67 silly idealTree:prePrune ├── jsonfile@4.0.0
67 silly idealTree:prePrune ├── locate-path@5.0.0
67 silly idealTree:prePrune ├── mime@2.4.6
67 silly idealTree:prePrune ├── obj2gltf@3.1.0
67 silly idealTree:prePrune ├── p-limit@2.3.0
67 silly idealTree:prePrune ├── p-locate@4.1.0
67 silly idealTree:prePrune ├── p-try@2.2.0
67 silly idealTree:prePrune ├── path-exists@4.0.0
67 silly idealTree:prePrune ├── pngjs@3.4.0
67 silly idealTree:prePrune ├── require-directory@2.1.1
67 silly idealTree:prePrune ├── require-main-filename@2.0.0
67 silly idealTree:prePrune ├── set-blocking@2.0.0
67 silly idealTree:prePrune ├── string-width@4.2.0
67 silly idealTree:prePrune ├── strip-ansi@6.0.0
67 silly idealTree:prePrune ├── three@0.117.1
67 silly idealTree:prePrune ├── universalify@0.1.2
67 silly idealTree:prePrune ├── which-module@2.0.0
67 silly idealTree:prePrune ├── wrap-ansi@6.2.0
67 silly idealTree:prePrune ├── y18n@4.0.0
67 silly idealTree:prePrune ├── yargs-parser@18.1.3
67 silly idealTree:prePrune └── yargs@15.3.1
68 silly loadIdealTree Finishing
69 silly currentTree 3D-interact
69 silly currentTree ├── @types/color-name@1.1.1
69 silly currentTree ├── ansi-regex@5.0.0
69 silly currentTree ├── ansi-styles@4.2.1
69 silly currentTree ├── bluebird@3.7.2
69 silly currentTree ├── camelcase@5.3.1
69 silly currentTree ├── cesium@1.69.0
69 silly currentTree ├── cliui@6.0.0
69 silly currentTree ├── color-convert@2.0.1
69 silly currentTree ├── color-name@1.1.4
69 silly currentTree ├── decamelize@1.2.0
69 silly currentTree ├── emoji-regex@8.0.0
69 silly currentTree ├── find-up@4.1.0
69 silly currentTree ├── fs-extra@8.1.0
69 silly currentTree ├── get-caller-file@2.0.5
69 silly currentTree ├── graceful-fs@4.2.4
69 silly currentTree ├── is-fullwidth-code-point@3.0.0
69 silly currentTree ├── jpeg-js@0.3.7
69 silly currentTree ├── jsonfile@4.0.0
69 silly currentTree ├── locate-path@5.0.0
69 silly currentTree ├── mime@2.4.6
69 silly currentTree ├── obj2gltf@3.1.0
69 silly currentTree ├── p-limit@2.3.0
69 silly currentTree ├── p-locate@4.1.0
69 silly currentTree ├── p-try@2.2.0
69 silly currentTree ├── path-exists@4.0.0
69 silly currentTree ├── pngjs@3.4.0
69 silly currentTree ├── require-directory@2.1.1
69 silly currentTree ├── require-main-filename@2.0.0
69 silly currentTree ├── set-blocking@2.0.0
69 silly currentTree ├── string-width@4.2.0
69 silly currentTree ├── strip-ansi@6.0.0
69 silly currentTree ├── universalify@0.1.2
69 silly currentTree ├── which-module@2.0.0
69 silly currentTree ├── wrap-ansi@6.2.0
69 silly currentTree ├── y18n@4.0.0
69 silly currentTree ├── yargs-parser@18.1.3
69 silly currentTree └── yargs@15.3.1
70 silly idealTree 3D-interact
70 silly idealTree ├── @types/color-name@1.1.1
70 silly idealTree ├── ansi-regex@5.0.0
70 silly idealTree ├── ansi-styles@4.2.1
70 silly idealTree ├── bluebird@3.7.2
70 silly idealTree ├── camelcase@5.3.1
70 silly idealTree ├── cesium@1.69.0
70 silly idealTree ├── cliui@6.0.0
70 silly idealTree ├── color-convert@2.0.1
70 silly idealTree ├── color-name@1.1.4
70 silly idealTree ├── decamelize@1.2.0
70 silly idealTree ├── emoji-regex@8.0.0
70 silly idealTree ├── find-up@4.1.0
70 silly idealTree ├── fs-extra@8.1.0
70 silly idealTree ├── get-caller-file@2.0.5
70 silly idealTree ├── graceful-fs@4.2.4
70 silly idealTree ├── is-fullwidth-code-point@3.0.0
70 silly idealTree ├── jpeg-js@0.3.7
70 silly idealTree ├── jsonfile@4.0.0
70 silly idealTree ├── locate-path@5.0.0
70 silly idealTree ├── mime@2.4.6
70 silly idealTree ├── obj2gltf@3.1.0
70 silly idealTree ├── p-limit@2.3.0
70 silly idealTree ├── p-locate@4.1.0
70 silly idealTree ├── p-try@2.2.0
70 silly idealTree ├── path-exists@4.0.0
70 silly idealTree ├── pngjs@3.4.0
70 silly idealTree ├── require-directory@2.1.1
70 silly idealTree ├── require-main-filename@2.0.0
70 silly idealTree ├── set-blocking@2.0.0
70 silly idealTree ├── string-width@4.2.0
70 silly idealTree ├── strip-ansi@6.0.0
70 silly idealTree ├── three@0.117.1
70 silly idealTree ├── universalify@0.1.2
70 silly idealTree ├── which-module@2.0.0
70 silly idealTree ├── wrap-ansi@6.2.0
70 silly idealTree ├── y18n@4.0.0
70 silly idealTree ├── yargs-parser@18.1.3
70 silly idealTree └── yargs@15.3.1
71 silly generateActionsToTake Starting
72 silly install generateActionsToTake
73 warn checkPermissions Missing write access to /home/kaicheng/Projects/3D-interact/node_modules/obj2gltf
74 warn checkPermissions Missing write access to /home/kaicheng/Projects/3D-interact/node_modules
75 silly rollbackFailedOptional Starting
76 silly rollbackFailedOptional Finishing
77 silly runTopLevelLifecycles Starting
78 silly runTopLevelLifecycles Finishing
79 silly install printInstalled
80 warn enoent ENOENT: no such file or directory, open '/home/kaicheng/Projects/3D-interact/package.json'
81 warn 3D-interact No description
82 warn 3D-interact No repository field.
83 warn 3D-interact No README data
84 warn 3D-interact No license field.
85 verbose stack Error: EACCES: permission denied, access '/home/kaicheng/Projects/3D-interact/node_modules/obj2gltf'
86 verbose cwd /home/kaicheng/Projects/3D-interact/site3D
87 error Linux 5.3.0-050300-generic
88 error argv "/usr/bin/node" "/usr/bin/npm" "install" "three" "--save"
89 error node v8.10.0
90 error npm  v3.5.2
91 error path /home/kaicheng/Projects/3D-interact/node_modules/obj2gltf
92 error code EACCES
93 error errno -13
94 error syscall access
95 error Error: EACCES: permission denied, access '/home/kaicheng/Projects/3D-interact/node_modules/obj2gltf'
95 error  { Error: EACCES: permission denied, access '/home/kaicheng/Projects/3D-interact/node_modules/obj2gltf'
95 error   errno: -13,
95 error   code: 'EACCES',
95 error   syscall: 'access',
95 error   path: '/home/kaicheng/Projects/3D-interact/node_modules/obj2gltf' }
96 error Please try running this command again as root/Administrator.
97 verbose exit [ -13, true ]
